<?xml version="1.0" encoding="UTF-8"?>
<testng-results skipped="0" failed="0" total="1" passed="1">
  <reporter-output>
    <line>
      <![CDATA[Executing on Firefox browser]]>
    </line>
    <line>
      <![CDATA[Executing on Firefox browser]]>
    </line>
    <line>
      <![CDATA[Supplier-00000001646   Supplier-00000001646]]>
    </line>
    <line>
      <![CDATA[Executing on Firefox browser]]>
    </line>
  </reporter-output>
  <suite name="Default suite" duration-ms="203412" started-at="2020-11-12T06:07:08Z" finished-at="2020-11-12T06:10:31Z">
    <groups>
    </groups>
    <test name="Default test" duration-ms="203412" started-at="2020-11-12T06:07:08Z" finished-at="2020-11-12T06:10:31Z">
      <class name="DriverFactory.AppTest">
        <test-method status="PASS" signature="kickStart()[pri:0, instance:DriverFactory.AppTest@548a9f61]" name="kickStart" duration-ms="203373" started-at="2020-11-12T11:37:08Z" finished-at="2020-11-12T11:40:31Z">
          <reporter-output>
            <line>
              <![CDATA[Executing on Firefox browser]]>
            </line>
            <line>
              <![CDATA[Executing on Firefox browser]]>
            </line>
            <line>
              <![CDATA[Supplier-00000001646   Supplier-00000001646]]>
            </line>
            <line>
              <![CDATA[Executing on Firefox browser]]>
            </line>
          </reporter-output>
        </test-method> <!-- kickStart -->
      </class> <!-- DriverFactory.AppTest -->
    </test> <!-- Default test -->
  </suite> <!-- Default suite -->
</testng-results>
